TN:
SF:src\index.js
FNF:0
FNH:0
DA:1,1
DA:2,1
DA:3,1
DA:4,1
DA:5,1
DA:6,1
DA:7,1
DA:8,1
DA:9,1
DA:10,1
DA:11,1
DA:12,1
DA:13,1
DA:14,1
DA:15,1
DA:16,1
DA:17,1
DA:18,1
DA:19,1
DA:20,1
DA:21,1
DA:22,1
DA:23,1
DA:24,1
DA:25,1
DA:26,1
DA:27,1
LF:27
LH:27
BRF:0
BRH:0
end_of_record
TN:
SF:src\configs\config.js
FNF:0
FNH:0
DA:1,1
DA:2,1
DA:3,1
DA:4,1
DA:5,1
DA:6,1
DA:7,1
LF:7
LH:7
BRF:0
BRH:0
end_of_record
TN:
SF:src\controllers\CommentsController.js
FN:6,createComment
FN:32,updateComment
FN:70,getComments
FN:105,deleteComment
FNF:4
FNH:4
FNDA:2,createComment
FNDA:3,updateComment
FNDA:4,getComments
FNDA:2,deleteComment
DA:1,1
DA:2,1
DA:3,1
DA:4,1
DA:5,1
DA:6,1
DA:7,2
DA:8,2
DA:9,2
DA:10,2
DA:11,2
DA:12,1
DA:13,1
DA:14,1
DA:15,1
DA:16,1
DA:17,1
DA:18,1
DA:19,1
DA:20,1
DA:21,0
DA:22,0
DA:23,0
DA:24,0
DA:25,2
DA:26,1
DA:27,1
DA:28,2
DA:29,1
DA:30,1
DA:31,1
DA:32,1
DA:33,3
DA:34,3
DA:35,3
DA:36,3
DA:37,3
DA:38,3
DA:39,1
DA:40,1
DA:41,1
DA:42,1
DA:43,1
DA:44,1
DA:45,1
DA:46,1
DA:47,1
DA:48,1
DA:49,1
DA:50,1
DA:51,1
DA:52,1
DA:53,1
DA:54,1
DA:55,1
DA:56,1
DA:57,1
DA:58,1
DA:59,1
DA:60,1
DA:61,1
DA:62,3
DA:63,0
DA:64,0
DA:65,3
DA:66,1
DA:67,1
DA:68,1
DA:69,1
DA:70,1
DA:71,4
DA:72,4
DA:73,4
DA:74,4
DA:75,4
DA:76,4
DA:77,4
DA:78,4
DA:79,4
DA:80,2
DA:81,2
DA:82,4
DA:83,4
DA:84,4
DA:85,4
DA:86,2
DA:87,1
DA:88,1
DA:89,1
DA:90,1
DA:91,2
DA:92,2
DA:93,1
DA:94,1
DA:95,1
DA:96,1
DA:97,2
DA:98,4
DA:99,0
DA:100,0
DA:101,4
DA:102,1
DA:103,1
DA:104,1
DA:105,1
DA:106,2
DA:107,2
DA:108,2
DA:109,2
DA:110,1
DA:111,0
DA:112,0
DA:113,0
DA:114,0
DA:115,0
DA:116,0
DA:117,1
DA:118,1
DA:119,1
DA:120,1
DA:121,1
DA:122,1
DA:123,1
DA:124,1
DA:125,1
DA:126,1
DA:127,2
DA:128,0
DA:129,0
DA:130,2
DA:131,1
DA:132,1
LF:132
LH:116
BRDA:6,0,0,2
BRDA:11,1,0,1
BRDA:20,2,0,0
BRDA:25,3,0,1
BRDA:32,4,0,3
BRDA:38,5,0,2
BRDA:39,6,0,1
BRDA:49,7,0,0
BRDA:38,8,0,1
BRDA:62,9,0,0
BRDA:70,10,0,4
BRDA:79,11,0,2
BRDA:85,12,0,2
BRDA:86,13,0,1
BRDA:92,14,0,1
BRDA:92,15,0,1
BRDA:98,16,0,0
BRDA:105,17,0,2
BRDA:109,18,0,1
BRDA:110,19,0,0
BRDA:127,20,0,0
BRF:21
BRH:15
end_of_record
TN:
SF:src\controllers\MessagesController.js
FN:5,createMessage
FN:31,getMessages
FN:55,updateMessage
FN:92,getConversationToOther
FN:126,deleteMessage
FNF:5
FNH:4
FNDA:0,createMessage
FNDA:3,getMessages
FNDA:3,updateMessage
FNDA:2,getConversationToOther
FNDA:2,deleteMessage
DA:1,1
DA:2,1
DA:3,1
DA:4,1
DA:5,1
DA:6,0
DA:7,0
DA:8,0
DA:9,0
DA:10,0
DA:11,0
DA:12,0
DA:13,0
DA:14,0
DA:15,0
DA:16,0
DA:17,0
DA:18,0
DA:19,0
DA:20,0
DA:21,0
DA:22,0
DA:23,0
DA:24,0
DA:25,0
DA:26,0
DA:27,0
DA:28,1
DA:29,1
DA:30,1
DA:31,1
DA:32,3
DA:33,3
DA:34,1
DA:35,1
DA:36,1
DA:37,1
DA:38,1
DA:39,1
DA:40,1
DA:41,1
DA:42,1
DA:43,1
DA:44,1
DA:45,1
DA:46,1
DA:47,1
DA:48,3
DA:49,0
DA:50,0
DA:51,3
DA:52,1
DA:53,1
DA:54,1
DA:55,1
DA:56,3
DA:57,3
DA:58,3
DA:59,3
DA:60,3
DA:61,3
DA:62,1
DA:63,1
DA:64,1
DA:65,1
DA:66,1
DA:67,1
DA:68,1
DA:69,1
DA:70,1
DA:71,1
DA:72,1
DA:73,1
DA:74,1
DA:75,1
DA:76,1
DA:77,1
DA:78,1
DA:79,1
DA:80,1
DA:81,1
DA:82,1
DA:83,1
DA:84,1
DA:85,3
DA:86,0
DA:87,0
DA:88,3
DA:89,1
DA:90,1
DA:91,1
DA:92,1
DA:93,2
DA:94,2
DA:95,2
DA:96,2
DA:97,2
DA:98,2
DA:99,2
DA:100,2
DA:101,2
DA:102,2
DA:103,2
DA:104,2
DA:105,2
DA:106,2
DA:107,2
DA:108,2
DA:109,2
DA:110,2
DA:111,2
DA:112,2
DA:113,2
DA:114,2
DA:115,1
DA:116,1
DA:117,1
DA:118,1
DA:119,2
DA:120,0
DA:121,0
DA:122,2
DA:123,1
DA:124,1
DA:125,1
DA:126,1
DA:127,2
DA:128,2
DA:129,2
DA:130,2
DA:131,1
DA:132,0
DA:133,0
DA:134,0
DA:135,0
DA:136,0
DA:137,0
DA:138,1
DA:139,1
DA:140,1
DA:141,1
DA:142,1
DA:143,1
DA:144,1
DA:145,1
DA:146,1
DA:147,1
DA:148,2
DA:149,0
DA:150,0
DA:151,2
DA:152,1
DA:153,1
DA:154,1
LF:154
LH:118
BRDA:31,0,0,3
BRDA:33,1,0,2
BRDA:35,2,0,1
BRDA:40,3,0,1
BRDA:33,4,0,1
BRDA:48,5,0,0
BRDA:55,6,0,3
BRDA:61,7,0,2
BRDA:62,8,0,1
BRDA:72,9,0,0
BRDA:61,10,0,1
BRDA:85,11,0,0
BRDA:92,12,0,2
BRDA:114,13,0,1
BRDA:119,14,0,0
BRDA:126,15,0,2
BRDA:130,16,0,1
BRDA:131,17,0,0
BRDA:148,18,0,0
BRF:19
BRH:13
end_of_record
TN:
SF:src\controllers\PostsController.js
FN:11,getPosts
FN:142,getImagePathsByPostId
FN:164,getPostById
FN:191,createPost
FN:260,updatePost
FN:380,deletePost
FN:422,deleteImgInByReqFiles
FN:437,deleteImgInByPath
FN:452,deleteImgInByFileName
FNF:9
FNH:7
FNDA:5,getPosts
FNDA:1,getImagePathsByPostId
FNDA:2,getPostById
FNDA:2,createPost
FNDA:3,updatePost
FNDA:3,deletePost
FNDA:5,deleteImgInByReqFiles
FNDA:0,deleteImgInByPath
FNDA:0,deleteImgInByFileName
DA:1,1
DA:2,1
DA:3,1
DA:4,1
DA:5,1
DA:6,1
DA:7,1
DA:8,1
DA:9,1
DA:10,1
DA:11,1
DA:12,5
DA:13,5
DA:14,5
DA:15,5
DA:16,5
DA:17,5
DA:18,4
DA:19,4
DA:20,4
DA:21,4
DA:22,4
DA:23,4
DA:24,4
DA:25,4
DA:26,4
DA:27,4
DA:28,4
DA:29,4
DA:30,4
DA:31,4
DA:32,4
DA:33,4
DA:34,4
DA:35,4
DA:36,4
DA:37,4
DA:38,4
DA:39,4
DA:40,4
DA:41,4
DA:42,4
DA:43,4
DA:44,4
DA:45,4
DA:46,4
DA:47,4
DA:48,4
DA:49,4
DA:50,4
DA:51,4
DA:52,4
DA:53,4
DA:54,1
DA:55,1
DA:56,1
DA:57,1
DA:58,1
DA:59,1
DA:60,1
DA:61,1
DA:62,1
DA:63,1
DA:64,1
DA:65,1
DA:66,1
DA:67,1
DA:68,1
DA:69,1
DA:70,1
DA:71,1
DA:72,1
DA:73,1
DA:74,1
DA:75,1
DA:76,1
DA:77,1
DA:78,1
DA:79,1
DA:80,1
DA:81,1
DA:82,1
DA:83,1
DA:84,1
DA:85,1
DA:86,1
DA:87,1
DA:88,1
DA:89,1
DA:90,1
DA:91,1
DA:92,1
DA:93,1
DA:94,1
DA:95,1
DA:96,1
DA:97,1
DA:98,1
DA:99,1
DA:100,1
DA:101,1
DA:102,1
DA:103,1
DA:104,1
DA:105,1
DA:106,1
DA:107,1
DA:108,1
DA:109,1
DA:110,1
DA:111,1
DA:112,1
DA:113,1
DA:114,1
DA:115,1
DA:116,1
DA:117,1
DA:118,4
DA:119,1
DA:120,1
DA:121,1
DA:122,1
DA:123,1
DA:124,1
DA:125,1
DA:126,1
DA:127,1
DA:128,1
DA:129,1
DA:130,1
DA:131,1
DA:132,1
DA:133,1
DA:134,1
DA:135,4
DA:136,5
DA:137,0
DA:138,0
DA:139,5
DA:140,1
DA:141,1
DA:142,1
DA:143,1
DA:144,1
DA:145,1
DA:146,1
DA:147,1
DA:148,0
DA:149,0
DA:150,0
DA:151,0
DA:152,0
DA:153,0
DA:154,0
DA:155,0
DA:156,0
DA:157,0
DA:158,1
DA:159,0
DA:160,0
DA:161,1
DA:162,1
DA:163,1
DA:164,1
DA:165,2
DA:166,2
DA:167,2
DA:168,2
DA:169,1
DA:170,1
DA:171,1
DA:172,1
DA:173,1
DA:174,1
DA:175,1
DA:176,1
DA:177,1
DA:178,1
DA:179,1
DA:180,1
DA:181,1
DA:182,1
DA:183,1
DA:184,1
DA:185,2
DA:186,0
DA:187,0
DA:188,2
DA:189,1
DA:190,1
DA:191,1
DA:192,2
DA:193,2
DA:194,0
DA:195,0
DA:196,0
DA:197,0
DA:198,0
DA:199,0
DA:200,0
DA:201,0
DA:202,0
DA:203,0
DA:204,0
DA:205,0
DA:206,0
DA:207,0
DA:208,0
DA:209,0
DA:210,0
DA:211,0
DA:212,0
DA:213,0
DA:214,0
DA:215,0
DA:216,0
DA:217,0
DA:218,0
DA:219,0
DA:220,0
DA:221,0
DA:222,0
DA:223,0
DA:224,0
DA:225,0
DA:226,0
DA:227,0
DA:228,0
DA:229,0
DA:230,0
DA:231,0
DA:232,0
DA:233,0
DA:234,0
DA:235,0
DA:236,0
DA:237,0
DA:238,0
DA:239,0
DA:240,0
DA:241,0
DA:242,0
DA:243,0
DA:244,0
DA:245,0
DA:246,0
DA:247,0
DA:248,0
DA:249,0
DA:250,0
DA:251,0
DA:252,0
DA:253,2
DA:254,0
DA:255,0
DA:256,0
DA:257,2
DA:258,1
DA:259,1
DA:260,1
DA:261,3
DA:262,3
DA:263,3
DA:264,3
DA:265,3
DA:266,3
DA:267,3
DA:268,3
DA:269,3
DA:270,3
DA:271,3
DA:272,3
DA:273,3
DA:274,3
DA:275,3
DA:276,3
DA:277,1
DA:278,1
DA:279,1
DA:280,1
DA:281,1
DA:282,1
DA:283,1
DA:284,1
DA:285,1
DA:286,1
DA:287,1
DA:288,1
DA:289,1
DA:290,1
DA:291,1
DA:292,1
DA:293,1
DA:294,1
DA:295,1
DA:296,1
DA:297,1
DA:298,1
DA:299,1
DA:300,1
DA:301,1
DA:302,1
DA:303,1
DA:304,1
DA:305,1
DA:306,1
DA:307,1
DA:308,1
DA:309,1
DA:310,1
DA:311,1
DA:312,1
DA:313,1
DA:314,1
DA:315,1
DA:316,1
DA:317,1
DA:318,1
DA:319,1
DA:320,1
DA:321,1
DA:322,1
DA:323,1
DA:324,1
DA:325,1
DA:326,1
DA:327,1
DA:328,1
DA:329,1
DA:330,1
DA:331,1
DA:332,1
DA:333,1
DA:334,1
DA:335,1
DA:336,1
DA:337,1
DA:338,1
DA:339,1
DA:340,1
DA:341,1
DA:342,1
DA:343,1
DA:344,1
DA:345,1
DA:346,1
DA:347,1
DA:348,1
DA:349,1
DA:350,1
DA:351,1
DA:352,1
DA:353,1
DA:354,1
DA:355,1
DA:356,1
DA:357,1
DA:358,1
DA:359,1
DA:360,1
DA:361,1
DA:362,1
DA:363,1
DA:364,1
DA:365,1
DA:366,1
DA:367,1
DA:368,1
DA:369,1
DA:370,1
DA:371,1
DA:372,3
DA:373,0
DA:374,0
DA:375,0
DA:376,3
DA:377,1
DA:378,1
DA:379,1
DA:380,1
DA:381,3
DA:382,3
DA:383,3
DA:384,3
DA:385,0
DA:386,0
DA:387,0
DA:388,0
DA:389,0
DA:390,0
DA:391,0
DA:392,0
DA:393,0
DA:394,0
DA:395,0
DA:396,0
DA:397,0
DA:398,0
DA:399,0
DA:400,0
DA:401,0
DA:402,0
DA:403,0
DA:404,0
DA:405,0
DA:406,0
DA:407,0
DA:408,0
DA:409,0
DA:410,0
DA:411,3
DA:412,3
DA:413,3
DA:414,3
DA:415,0
DA:416,0
DA:417,3
DA:418,1
DA:419,1
DA:420,1
DA:421,1
DA:422,5
DA:423,5
DA:424,5
DA:425,5
DA:426,5
DA:427,5
DA:428,5
DA:429,6
DA:430,6
DA:431,5
DA:432,5
DA:433,0
DA:434,0
DA:435,5
DA:436,1
DA:437,0
DA:438,0
DA:439,0
DA:440,0
DA:441,0
DA:442,0
DA:443,0
DA:444,0
DA:445,0
DA:446,0
DA:447,0
DA:448,0
DA:449,0
DA:450,0
DA:451,1
DA:452,0
DA:453,0
DA:454,0
DA:455,0
DA:456,0
DA:457,0
DA:458,0
DA:459,0
DA:460,0
DA:461,0
DA:462,0
DA:463,0
DA:464,0
DA:465,0
LF:465
LH:326
BRDA:11,0,0,5
BRDA:17,1,0,1
BRDA:24,2,0,6
BRDA:23,3,0,0
BRDA:17,4,0,4
BRDA:49,5,0,2
BRDA:53,6,0,3
BRDA:54,7,0,2
BRDA:55,8,0,2
BRDA:53,9,0,1
BRDA:118,10,0,3
BRDA:119,11,0,8
BRDA:118,12,0,1
BRDA:136,13,0,0
BRDA:142,14,0,1
BRDA:147,15,0,0
BRDA:158,16,0,0
BRDA:164,17,0,2
BRDA:168,18,0,1
BRDA:185,19,0,0
BRDA:191,20,0,2
BRDA:202,21,0,0
BRDA:193,22,0,0
BRDA:253,23,0,0
BRDA:260,24,0,3
BRDA:262,25,0,0
BRDA:267,26,0,0
BRDA:269,27,0,0
BRDA:270,28,0,0
BRDA:276,29,0,2
BRDA:277,30,0,1
BRDA:279,31,0,0
BRDA:276,32,0,1
BRDA:372,33,0,0
BRDA:380,34,0,3
BRDA:384,35,0,0
BRDA:414,36,0,0
BRDA:422,37,0,5
BRDA:428,38,0,6
BRDA:432,39,0,0
BRF:40
BRH:23
end_of_record
TN:
SF:src\controllers\ReviewsController.js
FN:7,createReview
FN:47,getReviews
FN:82,updateReview
FN:121,deleteReview
FNF:4
FNH:4
FNDA:2,createReview
FNDA:4,getReviews
FNDA:3,updateReview
FNDA:3,deleteReview
DA:1,1
DA:2,1
DA:3,1
DA:4,1
DA:5,1
DA:6,1
DA:7,1
DA:8,2
DA:9,2
DA:10,2
DA:11,2
DA:12,1
DA:13,0
DA:14,0
DA:15,0
DA:16,0
DA:17,0
DA:18,0
DA:19,0
DA:20,0
DA:21,0
DA:22,0
DA:23,0
DA:24,0
DA:25,0
DA:26,0
DA:27,0
DA:28,0
DA:29,0
DA:30,0
DA:31,0
DA:32,0
DA:33,0
DA:34,0
DA:35,0
DA:36,0
DA:37,0
DA:38,0
DA:39,2
DA:40,1
DA:41,1
DA:42,2
DA:43,1
DA:44,1
DA:45,1
DA:46,1
DA:47,1
DA:48,4
DA:49,4
DA:50,4
DA:51,4
DA:52,4
DA:53,4
DA:54,4
DA:55,4
DA:56,4
DA:57,2
DA:58,2
DA:59,4
DA:60,4
DA:61,4
DA:62,4
DA:63,2
DA:64,1
DA:65,1
DA:66,1
DA:67,1
DA:68,2
DA:69,2
DA:70,1
DA:71,1
DA:72,1
DA:73,1
DA:74,2
DA:75,4
DA:76,0
DA:77,0
DA:78,4
DA:79,1
DA:80,1
DA:81,1
DA:82,1
DA:83,3
DA:84,3
DA:85,3
DA:86,3
DA:87,3
DA:88,3
DA:89,3
DA:90,1
DA:91,1
DA:92,1
DA:93,1
DA:94,1
DA:95,1
DA:96,1
DA:97,1
DA:98,1
DA:99,1
DA:100,1
DA:101,1
DA:102,1
DA:103,1
DA:104,1
DA:105,1
DA:106,1
DA:107,1
DA:108,1
DA:109,1
DA:110,1
DA:111,1
DA:112,1
DA:113,1
DA:114,3
DA:115,0
DA:116,0
DA:117,3
DA:118,1
DA:119,1
DA:120,1
DA:121,1
DA:122,3
DA:123,3
DA:124,3
DA:125,3
DA:126,2
DA:127,2
DA:128,2
DA:129,2
DA:130,2
DA:131,2
DA:132,2
DA:133,2
DA:134,2
DA:135,2
DA:136,2
DA:137,2
DA:138,2
DA:139,2
DA:140,2
DA:141,2
DA:142,2
DA:143,3
DA:144,0
DA:145,0
DA:146,3
DA:147,1
DA:148,1
DA:149,1
LF:149
LH:117
BRDA:7,0,0,2
BRDA:11,1,0,1
BRDA:13,2,0,0
BRDA:13,3,0,0
BRDA:12,4,0,0
BRDA:39,5,0,1
BRDA:47,6,0,4
BRDA:56,7,0,2
BRDA:62,8,0,2
BRDA:63,9,0,1
BRDA:69,10,0,1
BRDA:69,11,0,1
BRDA:75,12,0,0
BRDA:82,13,0,3
BRDA:89,14,0,2
BRDA:90,15,0,1
BRDA:105,16,0,0
BRDA:89,17,0,1
BRDA:114,18,0,0
BRDA:121,19,0,3
BRDA:125,20,0,1
BRDA:126,21,0,0
BRDA:125,22,0,2
BRDA:143,23,0,0
BRF:24
BRH:16
end_of_record
TN:
SF:src\controllers\UsersController.js
FN:18,getUserById
FN:31,getListUserByRoleId
FN:47,updateUser
FN:87,deleteUser
FN:138,login
FN:173,refreshToken
FN:201,register
FN:252,forgotPassword
FN:288,linkResetPassword
FN:294,resetPassword
FN:329,sendEmail
FN:367,deleteImgInByReqFiles
FN:380,deleteImgInByPath
FNF:13
FNH:8
FNDA:2,getUserById
FNDA:2,getListUserByRoleId
FNDA:4,updateUser
FNDA:0,deleteUser
FNDA:3,login
FNDA:1,refreshToken
FNDA:5,register
FNDA:1,forgotPassword
FNDA:0,linkResetPassword
FNDA:2,resetPassword
FNDA:0,sendEmail
FNDA:0,deleteImgInByReqFiles
FNDA:0,deleteImgInByPath
DA:1,1
DA:2,1
DA:3,1
DA:4,1
DA:5,1
DA:6,1
DA:7,1
DA:8,1
DA:9,1
DA:10,1
DA:11,1
DA:12,1
DA:13,1
DA:14,1
DA:15,1
DA:16,1
DA:17,1
DA:18,1
DA:19,2
DA:20,2
DA:21,2
DA:22,2
DA:23,2
DA:24,1
DA:25,1
DA:26,1
DA:27,1
DA:28,2
DA:29,1
DA:30,1
DA:31,1
DA:32,2
DA:33,2
DA:34,2
DA:35,2
DA:36,1
DA:37,1
DA:38,1
DA:39,1
DA:40,1
DA:41,1
DA:42,1
DA:43,2
DA:44,1
DA:45,1
DA:46,1
DA:47,1
DA:48,4
DA:49,4
DA:50,4
DA:51,4
DA:52,4
DA:53,0
DA:54,4
DA:55,4
DA:56,4
DA:57,4
DA:58,4
DA:59,4
DA:60,4
DA:61,3
DA:62,3
DA:63,3
DA:64,3
DA:65,3
DA:66,3
DA:67,3
DA:68,3
DA:69,3
DA:70,3
DA:71,3
DA:72,3
DA:73,3
DA:74,3
DA:75,3
DA:76,3
DA:77,3
DA:78,3
DA:79,3
DA:80,4
DA:81,0
DA:82,0
DA:83,4
DA:84,1
DA:85,1
DA:86,1
DA:87,1
DA:88,0
DA:89,0
DA:90,0
DA:91,0
DA:92,0
DA:93,0
DA:94,0
DA:95,0
DA:96,0
DA:97,0
DA:98,0
DA:99,0
DA:100,0
DA:101,0
DA:102,0
DA:103,0
DA:104,0
DA:105,0
DA:106,0
DA:107,0
DA:108,0
DA:109,0
DA:110,0
DA:111,0
DA:112,0
DA:113,0
DA:114,0
DA:115,0
DA:116,0
DA:117,0
DA:118,0
DA:119,0
DA:120,0
DA:121,0
DA:122,0
DA:123,0
DA:124,0
DA:125,0
DA:126,0
DA:127,0
DA:128,0
DA:129,0
DA:130,0
DA:131,0
DA:132,0
DA:133,0
DA:134,0
DA:135,0
DA:136,1
DA:137,1
DA:138,1
DA:139,3
DA:140,3
DA:141,3
DA:142,3
DA:143,3
DA:144,0
DA:145,0
DA:146,0
DA:147,0
DA:148,0
DA:149,0
DA:150,0
DA:151,0
DA:152,0
DA:153,0
DA:154,0
DA:155,0
DA:156,0
DA:157,0
DA:158,0
DA:159,0
DA:160,0
DA:161,0
DA:162,0
DA:163,0
DA:164,0
DA:165,0
DA:166,0
DA:167,3
DA:168,0
DA:169,0
DA:170,3
DA:171,1
DA:172,1
DA:173,1
DA:174,1
DA:175,1
DA:176,0
DA:177,0
DA:178,0
DA:179,0
DA:180,0
DA:181,0
DA:182,0
DA:183,0
DA:184,0
DA:185,0
DA:186,0
DA:187,0
DA:188,0
DA:189,0
DA:190,0
DA:191,0
DA:192,0
DA:193,0
DA:194,0
DA:195,0
DA:196,0
DA:197,0
DA:198,1
DA:199,1
DA:200,1
DA:201,1
DA:202,5
DA:203,5
DA:204,5
DA:205,5
DA:206,5
DA:207,5
DA:208,5
DA:209,5
DA:210,5
DA:211,5
DA:212,5
DA:213,2
DA:214,2
DA:215,2
DA:216,2
DA:217,2
DA:218,0
DA:219,0
DA:220,0
DA:221,0
DA:222,0
DA:223,0
DA:224,0
DA:225,0
DA:226,0
DA:227,0
DA:228,0
DA:229,0
DA:230,0
DA:231,0
DA:232,0
DA:233,0
DA:234,0
DA:235,0
DA:236,0
DA:237,0
DA:238,0
DA:239,0
DA:240,0
DA:241,0
DA:242,0
DA:243,0
DA:244,0
DA:245,2
DA:246,5
DA:247,0
DA:248,0
DA:249,5
DA:250,1
DA:251,1
DA:252,1
DA:253,1
DA:254,1
DA:255,1
DA:256,1
DA:257,1
DA:258,1
DA:259,1
DA:260,1
DA:261,1
DA:262,1
DA:263,0
DA:264,0
DA:265,0
DA:266,0
DA:267,0
DA:268,0
DA:269,0
DA:270,0
DA:271,0
DA:272,0
DA:273,0
DA:274,0
DA:275,0
DA:276,0
DA:277,0
DA:278,0
DA:279,1
DA:280,1
DA:281,1
DA:282,1
DA:283,0
DA:284,0
DA:285,1
DA:286,1
DA:287,1
DA:288,1
DA:289,0
DA:290,0
DA:291,0
DA:292,1
DA:293,1
DA:294,1
DA:295,2
DA:296,2
DA:297,2
DA:298,2
DA:299,2
DA:300,2
DA:301,2
DA:302,2
DA:303,2
DA:304,1
DA:305,1
DA:306,1
DA:307,1
DA:308,1
DA:309,1
DA:310,1
DA:311,1
DA:312,1
DA:313,1
DA:314,1
DA:315,1
DA:316,0
DA:317,0
DA:318,0
DA:319,0
DA:320,1
DA:321,1
DA:322,1
DA:323,2
DA:324,1
DA:325,1
DA:326,1
DA:327,1
DA:328,1
DA:329,0
DA:330,0
DA:331,0
DA:332,0
DA:333,0
DA:334,0
DA:335,0
DA:336,0
DA:337,0
DA:338,0
DA:339,0
DA:340,0
DA:341,0
DA:342,0
DA:343,0
DA:344,0
DA:345,0
DA:346,0
DA:347,0
DA:348,0
DA:349,0
DA:350,0
DA:351,0
DA:352,0
DA:353,0
DA:354,0
DA:355,0
DA:356,0
DA:357,0
DA:358,0
DA:359,0
DA:360,0
DA:361,0
DA:362,0
DA:363,0
DA:364,0
DA:365,0
DA:366,1
DA:367,0
DA:368,0
DA:369,0
DA:370,0
DA:371,0
DA:372,0
DA:373,0
DA:374,0
DA:375,0
DA:376,0
DA:377,0
DA:378,0
DA:379,1
DA:380,0
DA:381,0
DA:382,0
DA:383,0
DA:384,0
DA:385,0
DA:386,0
DA:387,0
DA:388,0
DA:389,0
DA:390,0
DA:391,0
LF:391
LH:178
BRDA:18,0,0,2
BRDA:23,1,0,1
BRDA:31,2,0,2
BRDA:35,3,0,1
BRDA:47,4,0,4
BRDA:50,5,0,0
BRDA:52,6,0,0
BRDA:58,7,0,0
BRDA:60,8,0,1
BRDA:72,9,0,0
BRDA:60,10,0,3
BRDA:80,11,0,0
BRDA:138,12,0,3
BRDA:148,13,0,2
BRDA:148,14,0,1
BRDA:143,15,0,0
BRDA:167,16,0,0
BRDA:173,17,0,1
BRDA:187,18,0,0
BRDA:175,19,0,0
BRDA:201,20,0,5
BRDA:213,21,0,3
BRDA:212,22,0,2
BRDA:217,23,0,0
BRDA:246,24,0,0
BRDA:252,25,0,1
BRDA:262,26,0,0
BRDA:282,27,0,0
BRDA:294,28,0,2
BRDA:303,29,0,1
BRDA:315,30,0,0
BRF:31
BRH:17
end_of_record
TN:
SF:src\middleware\auth.js
FN:11,Object.<anonymous>.module.exports
FNF:1
FNH:1
FNDA:62,Object.<anonymous>.module.exports
DA:1,1
DA:2,1
DA:3,1
DA:4,1
DA:5,1
DA:6,1
DA:7,1
DA:8,1
DA:9,1
DA:10,1
DA:11,1
DA:12,62
DA:13,62
DA:14,62
DA:15,7
DA:16,7
DA:17,7
DA:18,7
DA:19,7
DA:20,7
DA:21,7
DA:22,7
DA:23,7
DA:24,7
DA:25,7
DA:26,7
DA:27,7
DA:28,7
DA:29,7
DA:30,7
DA:31,7
DA:32,7
DA:33,7
DA:34,7
DA:35,7
DA:36,7
DA:37,7
DA:38,0
DA:39,0
DA:40,0
DA:41,0
DA:42,0
DA:43,0
DA:44,0
DA:45,0
DA:46,0
DA:47,0
DA:48,7
DA:49,7
DA:50,7
DA:51,7
DA:52,62
LF:52
LH:42
BRDA:11,0,0,62
BRDA:14,1,0,55
BRDA:19,2,0,0
BRDA:14,3,0,7
BRDA:37,4,0,0
BRF:5
BRH:3
end_of_record
TN:
SF:src\middleware\upload.js
FN:4,destination
FN:7,filename
FN:16,fileFilter
FNF:3
FNH:3
FNDA:6,destination
FNDA:6,filename
FNDA:6,fileFilter
DA:1,1
DA:2,1
DA:3,1
DA:4,1
DA:5,6
DA:6,6
DA:7,1
DA:8,6
DA:9,6
DA:10,6
DA:11,1
DA:12,1
DA:13,1
DA:14,1
DA:15,1
DA:16,1
DA:17,6
DA:18,0
DA:19,0
DA:20,0
DA:21,0
DA:22,0
DA:23,0
DA:24,0
DA:25,0
DA:26,0
DA:27,0
DA:28,0
DA:29,6
DA:30,1
DA:31,1
DA:32,1
LF:32
LH:21
BRDA:4,0,0,6
BRDA:7,1,0,6
BRDA:16,2,0,6
BRDA:17,3,0,0
BRF:4
BRH:3
end_of_record
TN:
SF:src\routes\comments.js
FNF:0
FNH:0
DA:1,1
DA:2,1
DA:3,1
DA:4,1
DA:5,1
DA:6,1
DA:7,1
DA:8,1
DA:9,1
DA:10,1
DA:11,1
DA:12,1
LF:12
LH:12
BRF:0
BRH:0
end_of_record
TN:
SF:src\routes\index.js
FN:7,route
FNF:1
FNH:1
FNDA:5,route
DA:1,1
DA:2,1
DA:3,1
DA:4,1
DA:5,1
DA:6,1
DA:7,5
DA:8,5
DA:9,5
DA:10,5
DA:11,5
DA:12,5
DA:13,5
DA:14,1
DA:15,1
LF:15
LH:15
BRDA:7,0,0,5
BRF:1
BRH:1
end_of_record
TN:
SF:src\routes\messages.js
FNF:0
FNH:0
DA:1,1
DA:2,1
DA:3,1
DA:4,1
DA:5,1
DA:6,1
DA:7,1
DA:8,1
DA:9,1
DA:10,1
DA:11,1
DA:12,1
DA:13,1
LF:13
LH:13
BRF:0
BRH:0
end_of_record
TN:
SF:src\routes\posts.js
FNF:0
FNH:0
DA:1,1
DA:2,1
DA:3,1
DA:4,1
DA:5,1
DA:6,1
DA:7,1
DA:8,1
DA:9,1
DA:10,1
DA:11,1
DA:12,1
DA:13,1
DA:14,1
DA:15,1
DA:16,1
DA:17,1
LF:17
LH:17
BRF:0
BRH:0
end_of_record
TN:
SF:src\routes\reviews.js
FNF:0
FNH:0
DA:1,1
DA:2,1
DA:3,1
DA:4,1
DA:5,1
DA:6,1
DA:7,1
DA:8,1
DA:9,1
DA:10,1
DA:11,1
DA:12,1
LF:12
LH:12
BRF:0
BRH:0
end_of_record
TN:
SF:src\routes\users.js
FNF:0
FNH:0
DA:1,1
DA:2,1
DA:3,1
DA:4,1
DA:5,1
DA:6,1
DA:7,1
DA:8,1
DA:9,1
DA:10,1
DA:11,1
DA:12,1
DA:13,1
DA:14,1
DA:15,1
DA:16,1
DA:17,1
LF:17
LH:17
BRF:0
BRH:0
end_of_record
TN:
SF:src\services\UsersService.js
FN:4,Object.<anonymous>.exports.getUserById
FN:21,Object.<anonymous>.exports.getListUserByRoleId
FN:38,Object.<anonymous>.exports.updateUser
FNF:3
FNH:2
FNDA:2,Object.<anonymous>.exports.getUserById
FNDA:2,Object.<anonymous>.exports.getListUserByRoleId
FNDA:0,Object.<anonymous>.exports.updateUser
DA:1,1
DA:2,1
DA:3,1
DA:4,1
DA:5,2
DA:6,2
DA:7,0
DA:8,0
DA:9,0
DA:10,0
DA:11,0
DA:12,0
DA:13,0
DA:14,0
DA:15,0
DA:16,2
DA:17,1
DA:18,1
DA:19,2
DA:20,1
DA:21,1
DA:22,2
DA:23,2
DA:24,0
DA:25,0
DA:26,0
DA:27,0
DA:28,0
DA:29,0
DA:30,0
DA:31,0
DA:32,0
DA:33,2
DA:34,1
DA:35,1
DA:36,2
DA:37,1
DA:38,1
DA:39,0
DA:40,0
DA:41,0
DA:42,0
DA:43,0
DA:44,0
DA:45,0
LF:45
LH:20
BRDA:4,0,0,2
BRDA:6,1,0,0
BRDA:8,2,0,1
BRDA:6,3,0,0
BRDA:16,4,0,1
BRDA:21,5,0,2
BRDA:25,6,0,1
BRDA:23,7,0,0
BRDA:33,8,0,1
BRF:9
BRH:6
end_of_record
TN:
SF:src\utils\utils.js
FN:4,verifyJwtToken
FNF:1
FNH:1
FNDA:57,verifyJwtToken
DA:1,1
DA:2,1
DA:3,1
DA:4,1
DA:5,57
DA:6,57
DA:7,57
DA:8,0
DA:9,0
DA:10,57
DA:11,57
DA:12,57
DA:13,57
DA:14,1
LF:14
LH:12
BRDA:4,0,0,57
BRDA:5,1,0,57
BRDA:6,2,0,57
BRDA:7,3,0,0
BRF:4
BRH:3
end_of_record
