TN:
SF:src\index.js
FNF:0
FNH:0
DA:1,1
DA:2,1
DA:3,1
DA:4,1
DA:5,1
DA:6,1
DA:7,1
DA:8,1
DA:9,1
DA:10,1
DA:11,1
DA:12,1
DA:13,1
DA:14,1
DA:15,1
DA:16,1
DA:17,1
DA:18,1
DA:19,1
DA:20,1
DA:21,1
DA:22,1
DA:23,1
DA:24,1
DA:25,1
DA:26,1
DA:27,1
LF:27
LH:27
BRF:0
BRH:0
end_of_record
TN:
SF:src\configs\config.js
FNF:0
FNH:0
DA:1,1
DA:2,1
DA:3,1
DA:4,1
DA:5,1
DA:6,1
DA:7,1
LF:7
LH:7
BRF:0
BRH:0
end_of_record
TN:
SF:src\controllers\CommentsController.js
FN:6,createComment
FN:32,updateComment
FN:70,getComments
FN:105,deleteComment
FNF:4
FNH:4
FNDA:2,createComment
FNDA:3,updateComment
FNDA:4,getComments
FNDA:2,deleteComment
DA:1,1
DA:2,1
DA:3,1
DA:4,1
DA:5,1
DA:6,1
DA:7,2
DA:8,2
DA:9,2
DA:10,2
DA:11,2
DA:12,0
DA:13,0
DA:14,0
DA:15,0
DA:16,0
DA:17,0
DA:18,0
DA:19,0
DA:20,0
DA:21,0
DA:22,0
DA:23,0
DA:24,0
DA:25,2
DA:26,2
DA:27,2
DA:28,2
DA:29,1
DA:30,1
DA:31,1
DA:32,1
DA:33,3
DA:34,3
DA:35,3
DA:36,3
DA:37,3
DA:38,3
DA:39,0
DA:40,0
DA:41,0
DA:42,0
DA:43,0
DA:44,0
DA:45,0
DA:46,0
DA:47,0
DA:48,0
DA:49,0
DA:50,0
DA:51,0
DA:52,0
DA:53,0
DA:54,0
DA:55,0
DA:56,0
DA:57,0
DA:58,0
DA:59,3
DA:60,3
DA:61,3
DA:62,3
DA:63,0
DA:64,0
DA:65,3
DA:66,1
DA:67,1
DA:68,1
DA:69,1
DA:70,1
DA:71,4
DA:72,4
DA:73,4
DA:74,4
DA:75,4
DA:76,4
DA:77,4
DA:78,4
DA:79,4
DA:80,2
DA:81,2
DA:82,4
DA:83,4
DA:84,4
DA:85,4
DA:86,2
DA:87,0
DA:88,2
DA:89,2
DA:90,2
DA:91,2
DA:92,2
DA:93,1
DA:94,1
DA:95,1
DA:96,1
DA:97,2
DA:98,4
DA:99,0
DA:100,0
DA:101,4
DA:102,1
DA:103,1
DA:104,1
DA:105,1
DA:106,2
DA:107,2
DA:108,2
DA:109,2
DA:110,0
DA:111,0
DA:112,0
DA:113,0
DA:114,0
DA:115,0
DA:116,0
DA:117,0
DA:118,0
DA:119,0
DA:120,0
DA:121,0
DA:122,0
DA:123,0
DA:124,2
DA:125,2
DA:126,2
DA:127,2
DA:128,0
DA:129,0
DA:130,2
DA:131,1
DA:132,1
LF:132
LH:78
BRDA:6,0,0,2
BRDA:11,1,0,0
BRDA:32,2,0,3
BRDA:38,3,0,0
BRDA:62,4,0,0
BRDA:70,5,0,4
BRDA:79,6,0,2
BRDA:85,7,0,2
BRDA:86,8,0,0
BRDA:92,9,0,1
BRDA:92,10,0,1
BRDA:98,11,0,0
BRDA:105,12,0,2
BRDA:109,13,0,0
BRDA:127,14,0,0
BRF:15
BRH:8
end_of_record
TN:
SF:src\controllers\MessagesController.js
FN:5,createMessage
FN:31,getMessages
FN:55,updateMessage
FN:93,getConversationToOther
FN:127,deleteMessage
FNF:5
FNH:4
FNDA:0,createMessage
FNDA:3,getMessages
FNDA:3,updateMessage
FNDA:2,getConversationToOther
FNDA:2,deleteMessage
DA:1,1
DA:2,1
DA:3,1
DA:4,1
DA:5,1
DA:6,0
DA:7,0
DA:8,0
DA:9,0
DA:10,0
DA:11,0
DA:12,0
DA:13,0
DA:14,0
DA:15,0
DA:16,0
DA:17,0
DA:18,0
DA:19,0
DA:20,0
DA:21,0
DA:22,0
DA:23,0
DA:24,0
DA:25,0
DA:26,0
DA:27,0
DA:28,1
DA:29,1
DA:30,1
DA:31,1
DA:32,3
DA:33,3
DA:34,1
DA:35,1
DA:36,1
DA:37,1
DA:38,1
DA:39,1
DA:40,1
DA:41,1
DA:42,1
DA:43,1
DA:44,1
DA:45,1
DA:46,1
DA:47,1
DA:48,3
DA:49,0
DA:50,0
DA:51,3
DA:52,1
DA:53,1
DA:54,1
DA:55,1
DA:56,3
DA:57,3
DA:58,3
DA:59,3
DA:60,3
DA:61,3
DA:62,3
DA:63,0
DA:64,0
DA:65,0
DA:66,0
DA:67,0
DA:68,0
DA:69,0
DA:70,0
DA:71,0
DA:72,0
DA:73,0
DA:74,0
DA:75,0
DA:76,0
DA:77,0
DA:78,0
DA:79,0
DA:80,0
DA:81,0
DA:82,0
DA:83,3
DA:84,3
DA:85,3
DA:86,3
DA:87,0
DA:88,0
DA:89,3
DA:90,1
DA:91,1
DA:92,1
DA:93,1
DA:94,2
DA:95,2
DA:96,2
DA:97,2
DA:98,2
DA:99,2
DA:100,2
DA:101,2
DA:102,2
DA:103,2
DA:104,2
DA:105,2
DA:106,2
DA:107,2
DA:108,2
DA:109,2
DA:110,2
DA:111,2
DA:112,2
DA:113,2
DA:114,2
DA:115,2
DA:116,0
DA:117,2
DA:118,2
DA:119,2
DA:120,2
DA:121,0
DA:122,0
DA:123,2
DA:124,1
DA:125,1
DA:126,1
DA:127,1
DA:128,2
DA:129,2
DA:130,2
DA:131,2
DA:132,0
DA:133,0
DA:134,0
DA:135,0
DA:136,0
DA:137,0
DA:138,0
DA:139,0
DA:140,0
DA:141,0
DA:142,0
DA:143,0
DA:144,0
DA:145,0
DA:146,2
DA:147,2
DA:148,2
DA:149,2
DA:150,0
DA:151,0
DA:152,2
DA:153,1
DA:154,1
DA:155,1
LF:155
LH:90
BRDA:31,0,0,3
BRDA:33,1,0,2
BRDA:35,2,0,1
BRDA:40,3,0,0
BRDA:33,4,0,1
BRDA:48,5,0,0
BRDA:55,6,0,3
BRDA:62,7,0,0
BRDA:86,8,0,0
BRDA:93,9,0,2
BRDA:115,10,0,0
BRDA:120,11,0,0
BRDA:127,12,0,2
BRDA:131,13,0,0
BRDA:149,14,0,0
BRF:15
BRH:7
end_of_record
TN:
SF:src\controllers\PostsController.js
FN:11,getPosts
FN:142,getImagePathsByPostId
FN:164,getPostById
FN:191,createPost
FN:260,updatePost
FN:380,deletePost
FN:422,deleteImgInByReqFiles
FN:437,deleteImgInByPath
FN:452,deleteImgInByFileName
FNF:9
FNH:4
FNDA:5,getPosts
FNDA:1,getImagePathsByPostId
FNDA:2,getPostById
FNDA:0,createPost
FNDA:0,updatePost
FNDA:3,deletePost
FNDA:0,deleteImgInByReqFiles
FNDA:0,deleteImgInByPath
FNDA:0,deleteImgInByFileName
DA:1,1
DA:2,1
DA:3,1
DA:4,1
DA:5,1
DA:6,1
DA:7,1
DA:8,1
DA:9,1
DA:10,1
DA:11,1
DA:12,5
DA:13,5
DA:14,5
DA:15,5
DA:16,5
DA:17,5
DA:18,4
DA:19,4
DA:20,4
DA:21,4
DA:22,4
DA:23,4
DA:24,4
DA:25,4
DA:26,4
DA:27,4
DA:28,4
DA:29,4
DA:30,4
DA:31,4
DA:32,4
DA:33,4
DA:34,4
DA:35,4
DA:36,4
DA:37,4
DA:38,4
DA:39,4
DA:40,4
DA:41,4
DA:42,4
DA:43,4
DA:44,4
DA:45,4
DA:46,4
DA:47,4
DA:48,4
DA:49,4
DA:50,4
DA:51,4
DA:52,4
DA:53,4
DA:54,1
DA:55,1
DA:56,1
DA:57,1
DA:58,1
DA:59,1
DA:60,1
DA:61,1
DA:62,1
DA:63,1
DA:64,1
DA:65,1
DA:66,1
DA:67,1
DA:68,1
DA:69,1
DA:70,1
DA:71,1
DA:72,1
DA:73,1
DA:74,1
DA:75,1
DA:76,1
DA:77,1
DA:78,1
DA:79,1
DA:80,1
DA:81,1
DA:82,1
DA:83,1
DA:84,1
DA:85,1
DA:86,1
DA:87,1
DA:88,1
DA:89,1
DA:90,1
DA:91,1
DA:92,1
DA:93,1
DA:94,0
DA:95,0
DA:96,1
DA:97,1
DA:98,1
DA:99,1
DA:100,1
DA:101,1
DA:102,1
DA:103,1
DA:104,1
DA:105,1
DA:106,1
DA:107,1
DA:108,1
DA:109,1
DA:110,1
DA:111,1
DA:112,1
DA:113,1
DA:114,1
DA:115,1
DA:116,1
DA:117,1
DA:118,4
DA:119,0
DA:120,0
DA:121,0
DA:122,0
DA:123,0
DA:124,0
DA:125,0
DA:126,0
DA:127,0
DA:128,0
DA:129,0
DA:130,0
DA:131,0
DA:132,4
DA:133,4
DA:134,4
DA:135,4
DA:136,5
DA:137,0
DA:138,0
DA:139,5
DA:140,1
DA:141,1
DA:142,1
DA:143,1
DA:144,1
DA:145,1
DA:146,1
DA:147,1
DA:148,0
DA:149,0
DA:150,0
DA:151,0
DA:152,0
DA:153,0
DA:154,0
DA:155,1
DA:156,1
DA:157,1
DA:158,1
DA:159,0
DA:160,0
DA:161,1
DA:162,1
DA:163,1
DA:164,1
DA:165,2
DA:166,2
DA:167,2
DA:168,2
DA:169,0
DA:170,0
DA:171,0
DA:172,0
DA:173,0
DA:174,0
DA:175,0
DA:176,0
DA:177,0
DA:178,0
DA:179,0
DA:180,0
DA:181,0
DA:182,2
DA:183,2
DA:184,2
DA:185,2
DA:186,0
DA:187,0
DA:188,2
DA:189,1
DA:190,1
DA:191,1
DA:192,0
DA:193,0
DA:194,0
DA:195,0
DA:196,0
DA:197,0
DA:198,0
DA:199,0
DA:200,0
DA:201,0
DA:202,0
DA:203,0
DA:204,0
DA:205,0
DA:206,0
DA:207,0
DA:208,0
DA:209,0
DA:210,0
DA:211,0
DA:212,0
DA:213,0
DA:214,0
DA:215,0
DA:216,0
DA:217,0
DA:218,0
DA:219,0
DA:220,0
DA:221,0
DA:222,0
DA:223,0
DA:224,0
DA:225,0
DA:226,0
DA:227,0
DA:228,0
DA:229,0
DA:230,0
DA:231,0
DA:232,0
DA:233,0
DA:234,0
DA:235,0
DA:236,0
DA:237,0
DA:238,0
DA:239,0
DA:240,0
DA:241,0
DA:242,0
DA:243,0
DA:244,0
DA:245,0
DA:246,0
DA:247,0
DA:248,0
DA:249,0
DA:250,0
DA:251,0
DA:252,0
DA:253,0
DA:254,0
DA:255,0
DA:256,0
DA:257,0
DA:258,1
DA:259,1
DA:260,1
DA:261,0
DA:262,0
DA:263,0
DA:264,0
DA:265,0
DA:266,0
DA:267,0
DA:268,0
DA:269,0
DA:270,0
DA:271,0
DA:272,0
DA:273,0
DA:274,0
DA:275,0
DA:276,0
DA:277,0
DA:278,0
DA:279,0
DA:280,0
DA:281,0
DA:282,0
DA:283,0
DA:284,0
DA:285,0
DA:286,0
DA:287,0
DA:288,0
DA:289,0
DA:290,0
DA:291,0
DA:292,0
DA:293,0
DA:294,0
DA:295,0
DA:296,0
DA:297,0
DA:298,0
DA:299,0
DA:300,0
DA:301,0
DA:302,0
DA:303,0
DA:304,0
DA:305,0
DA:306,0
DA:307,0
DA:308,0
DA:309,0
DA:310,0
DA:311,0
DA:312,0
DA:313,0
DA:314,0
DA:315,0
DA:316,0
DA:317,0
DA:318,0
DA:319,0
DA:320,0
DA:321,0
DA:322,0
DA:323,0
DA:324,0
DA:325,0
DA:326,0
DA:327,0
DA:328,0
DA:329,0
DA:330,0
DA:331,0
DA:332,0
DA:333,0
DA:334,0
DA:335,0
DA:336,0
DA:337,0
DA:338,0
DA:339,0
DA:340,0
DA:341,0
DA:342,0
DA:343,0
DA:344,0
DA:345,0
DA:346,0
DA:347,0
DA:348,0
DA:349,0
DA:350,0
DA:351,0
DA:352,0
DA:353,0
DA:354,0
DA:355,0
DA:356,0
DA:357,0
DA:358,0
DA:359,0
DA:360,0
DA:361,0
DA:362,0
DA:363,0
DA:364,0
DA:365,0
DA:366,0
DA:367,0
DA:368,0
DA:369,0
DA:370,0
DA:371,0
DA:372,0
DA:373,0
DA:374,0
DA:375,0
DA:376,0
DA:377,1
DA:378,1
DA:379,1
DA:380,1
DA:381,3
DA:382,3
DA:383,3
DA:384,3
DA:385,0
DA:386,0
DA:387,0
DA:388,0
DA:389,0
DA:390,0
DA:391,0
DA:392,0
DA:393,0
DA:394,0
DA:395,0
DA:396,0
DA:397,0
DA:398,0
DA:399,0
DA:400,0
DA:401,0
DA:402,0
DA:403,0
DA:404,0
DA:405,0
DA:406,0
DA:407,0
DA:408,0
DA:409,0
DA:410,0
DA:411,3
DA:412,3
DA:413,3
DA:414,3
DA:415,0
DA:416,0
DA:417,3
DA:418,1
DA:419,1
DA:420,1
DA:421,1
DA:422,0
DA:423,0
DA:424,0
DA:425,0
DA:426,0
DA:427,0
DA:428,0
DA:429,0
DA:430,0
DA:431,0
DA:432,0
DA:433,0
DA:434,0
DA:435,0
DA:436,1
DA:437,0
DA:438,0
DA:439,0
DA:440,0
DA:441,0
DA:442,0
DA:443,0
DA:444,0
DA:445,0
DA:446,0
DA:447,0
DA:448,0
DA:449,0
DA:450,0
DA:451,1
DA:452,0
DA:453,0
DA:454,0
DA:455,0
DA:456,0
DA:457,0
DA:458,0
DA:459,0
DA:460,0
DA:461,0
DA:462,0
DA:463,0
DA:464,0
DA:465,0
LF:465
LH:172
BRDA:11,0,0,5
BRDA:17,1,0,1
BRDA:24,2,0,0
BRDA:23,3,0,0
BRDA:17,4,0,4
BRDA:49,5,0,2
BRDA:53,6,0,3
BRDA:54,7,0,2
BRDA:55,8,0,2
BRDA:53,9,0,1
BRDA:93,10,0,0
BRDA:118,11,0,0
BRDA:136,12,0,0
BRDA:142,13,0,1
BRDA:147,14,0,0
BRDA:158,15,0,0
BRDA:164,16,0,2
BRDA:168,17,0,0
BRDA:185,18,0,0
BRDA:380,19,0,3
BRDA:384,20,0,0
BRDA:414,21,0,0
BRF:22
BRH:11
end_of_record
TN:
SF:src\controllers\ReviewsController.js
FN:7,createReview
FN:47,getReviews
FN:82,updateReview
FN:121,deleteReview
FNF:4
FNH:4
FNDA:2,createReview
FNDA:4,getReviews
FNDA:3,updateReview
FNDA:3,deleteReview
DA:1,1
DA:2,1
DA:3,1
DA:4,1
DA:5,1
DA:6,1
DA:7,1
DA:8,2
DA:9,2
DA:10,2
DA:11,2
DA:12,2
DA:13,1
DA:14,1
DA:15,1
DA:16,1
DA:17,1
DA:18,1
DA:19,1
DA:20,1
DA:21,1
DA:22,1
DA:23,1
DA:24,1
DA:25,1
DA:26,1
DA:27,1
DA:28,1
DA:29,1
DA:30,1
DA:31,1
DA:32,1
DA:33,1
DA:34,1
DA:35,1
DA:36,1
DA:37,1
DA:38,1
DA:39,2
DA:40,1
DA:41,1
DA:42,2
DA:43,1
DA:44,1
DA:45,1
DA:46,1
DA:47,1
DA:48,4
DA:49,4
DA:50,4
DA:51,4
DA:52,4
DA:53,4
DA:54,4
DA:55,4
DA:56,4
DA:57,2
DA:58,2
DA:59,4
DA:60,4
DA:61,4
DA:62,4
DA:63,2
DA:64,0
DA:65,2
DA:66,2
DA:67,2
DA:68,2
DA:69,2
DA:70,1
DA:71,1
DA:72,1
DA:73,1
DA:74,2
DA:75,4
DA:76,0
DA:77,0
DA:78,4
DA:79,1
DA:80,1
DA:81,1
DA:82,1
DA:83,3
DA:84,3
DA:85,3
DA:86,3
DA:87,3
DA:88,3
DA:89,3
DA:90,0
DA:91,0
DA:92,0
DA:93,0
DA:94,0
DA:95,0
DA:96,0
DA:97,0
DA:98,0
DA:99,0
DA:100,0
DA:101,0
DA:102,0
DA:103,0
DA:104,0
DA:105,0
DA:106,0
DA:107,0
DA:108,0
DA:109,0
DA:110,0
DA:111,3
DA:112,3
DA:113,3
DA:114,3
DA:115,0
DA:116,0
DA:117,3
DA:118,1
DA:119,1
DA:120,1
DA:121,1
DA:122,3
DA:123,3
DA:124,3
DA:125,3
DA:126,0
DA:127,0
DA:128,0
DA:129,0
DA:130,0
DA:131,0
DA:132,0
DA:133,0
DA:134,0
DA:135,0
DA:136,0
DA:137,0
DA:138,0
DA:139,0
DA:140,3
DA:141,3
DA:142,3
DA:143,3
DA:144,0
DA:145,0
DA:146,3
DA:147,1
DA:148,1
DA:149,1
LF:149
LH:107
BRDA:7,0,0,2
BRDA:11,1,0,1
BRDA:12,2,0,0
BRDA:12,3,0,1
BRDA:39,4,0,1
BRDA:47,5,0,4
BRDA:56,6,0,2
BRDA:62,7,0,2
BRDA:63,8,0,0
BRDA:69,9,0,1
BRDA:69,10,0,1
BRDA:75,11,0,0
BRDA:82,12,0,3
BRDA:89,13,0,0
BRDA:114,14,0,0
BRDA:121,15,0,3
BRDA:125,16,0,0
BRDA:143,17,0,0
BRF:18
BRH:11
end_of_record
TN:
SF:src\controllers\UsersController.js
FN:17,getListUserByRoleId
FN:42,getUserById
FN:67,updateUser
FN:114,deleteUser
FN:165,login
FN:200,refreshToken
FN:228,register
FN:279,forgotPassword
FN:315,linkResetPassword
FN:321,resetPassword
FN:356,sendEmail
FN:394,deleteImgInByReqFiles
FN:407,deleteImgInByPath
FNF:13
FNH:8
FNDA:2,getListUserByRoleId
FNDA:3,getUserById
FNDA:4,updateUser
FNDA:0,deleteUser
FNDA:3,login
FNDA:1,refreshToken
FNDA:5,register
FNDA:1,forgotPassword
FNDA:0,linkResetPassword
FNDA:2,resetPassword
FNDA:0,sendEmail
FNDA:0,deleteImgInByReqFiles
FNDA:0,deleteImgInByPath
DA:1,1
DA:2,1
DA:3,1
DA:4,1
DA:5,1
DA:6,1
DA:7,1
DA:8,1
DA:9,1
DA:10,1
DA:11,1
DA:12,1
DA:13,1
DA:14,1
DA:15,1
DA:16,1
DA:17,1
DA:18,2
DA:19,2
DA:20,2
DA:21,0
DA:22,0
DA:23,0
DA:24,0
DA:25,0
DA:26,0
DA:27,0
DA:28,0
DA:29,0
DA:30,0
DA:31,0
DA:32,0
DA:33,0
DA:34,0
DA:35,2
DA:36,0
DA:37,0
DA:38,2
DA:39,1
DA:40,1
DA:41,1
DA:42,1
DA:43,3
DA:44,3
DA:45,3
DA:46,0
DA:47,0
DA:48,0
DA:49,0
DA:50,0
DA:51,0
DA:52,0
DA:53,0
DA:54,0
DA:55,0
DA:56,0
DA:57,0
DA:58,0
DA:59,0
DA:60,3
DA:61,3
DA:62,3
DA:63,3
DA:64,1
DA:65,1
DA:66,1
DA:67,1
DA:68,4
DA:69,4
DA:70,4
DA:71,4
DA:72,4
DA:73,0
DA:74,4
DA:75,4
DA:76,4
DA:77,4
DA:78,4
DA:79,4
DA:80,4
DA:81,4
DA:82,4
DA:83,3
DA:84,3
DA:85,3
DA:86,3
DA:87,3
DA:88,3
DA:89,3
DA:90,3
DA:91,3
DA:92,3
DA:93,3
DA:94,3
DA:95,3
DA:96,3
DA:97,3
DA:98,3
DA:99,3
DA:100,3
DA:101,3
DA:102,3
DA:103,3
DA:104,3
DA:105,3
DA:106,3
DA:107,4
DA:108,1
DA:109,1
DA:110,4
DA:111,1
DA:112,1
DA:113,1
DA:114,1
DA:115,0
DA:116,0
DA:117,0
DA:118,0
DA:119,0
DA:120,0
DA:121,0
DA:122,0
DA:123,0
DA:124,0
DA:125,0
DA:126,0
DA:127,0
DA:128,0
DA:129,0
DA:130,0
DA:131,0
DA:132,0
DA:133,0
DA:134,0
DA:135,0
DA:136,0
DA:137,0
DA:138,0
DA:139,0
DA:140,0
DA:141,0
DA:142,0
DA:143,0
DA:144,0
DA:145,0
DA:146,0
DA:147,0
DA:148,0
DA:149,0
DA:150,0
DA:151,0
DA:152,0
DA:153,0
DA:154,0
DA:155,0
DA:156,0
DA:157,0
DA:158,0
DA:159,0
DA:160,0
DA:161,0
DA:162,0
DA:163,1
DA:164,1
DA:165,1
DA:166,3
DA:167,3
DA:168,3
DA:169,3
DA:170,3
DA:171,0
DA:172,0
DA:173,0
DA:174,0
DA:175,0
DA:176,0
DA:177,0
DA:178,0
DA:179,0
DA:180,0
DA:181,0
DA:182,0
DA:183,0
DA:184,0
DA:185,0
DA:186,0
DA:187,0
DA:188,0
DA:189,0
DA:190,0
DA:191,3
DA:192,3
DA:193,3
DA:194,3
DA:195,0
DA:196,0
DA:197,3
DA:198,1
DA:199,1
DA:200,1
DA:201,1
DA:202,1
DA:203,0
DA:204,0
DA:205,0
DA:206,0
DA:207,0
DA:208,0
DA:209,0
DA:210,0
DA:211,0
DA:212,0
DA:213,0
DA:214,0
DA:215,0
DA:216,0
DA:217,0
DA:218,0
DA:219,0
DA:220,1
DA:221,1
DA:222,1
DA:223,1
DA:224,1
DA:225,1
DA:226,1
DA:227,1
DA:228,1
DA:229,5
DA:230,5
DA:231,5
DA:232,5
DA:233,5
DA:234,5
DA:235,5
DA:236,5
DA:237,5
DA:238,5
DA:239,5
DA:240,5
DA:241,5
DA:242,5
DA:243,5
DA:244,5
DA:245,2
DA:246,2
DA:247,2
DA:248,2
DA:249,2
DA:250,1
DA:251,1
DA:252,1
DA:253,0
DA:254,0
DA:255,0
DA:256,0
DA:257,0
DA:258,0
DA:259,0
DA:260,0
DA:261,0
DA:262,0
DA:263,0
DA:264,0
DA:265,0
DA:266,0
DA:267,0
DA:268,1
DA:269,1
DA:270,1
DA:271,2
DA:272,5
DA:273,5
DA:274,1
DA:275,1
DA:276,5
DA:277,1
DA:278,1
DA:279,1
DA:280,1
DA:281,1
DA:282,1
DA:283,1
DA:284,1
DA:285,1
DA:286,1
DA:287,1
DA:288,1
DA:289,1
DA:290,0
DA:291,0
DA:292,0
DA:293,0
DA:294,0
DA:295,0
DA:296,0
DA:297,0
DA:298,0
DA:299,0
DA:300,0
DA:301,0
DA:302,0
DA:303,0
DA:304,0
DA:305,0
DA:306,1
DA:307,1
DA:308,1
DA:309,1
DA:310,0
DA:311,0
DA:312,1
DA:313,1
DA:314,1
DA:315,1
DA:316,0
DA:317,0
DA:318,0
DA:319,1
DA:320,1
DA:321,1
DA:322,2
DA:323,2
DA:324,2
DA:325,2
DA:326,2
DA:327,2
DA:328,2
DA:329,2
DA:330,2
DA:331,0
DA:332,0
DA:333,0
DA:334,0
DA:335,0
DA:336,0
DA:337,0
DA:338,0
DA:339,0
DA:340,0
DA:341,0
DA:342,0
DA:343,0
DA:344,0
DA:345,0
DA:346,0
DA:347,2
DA:348,2
DA:349,2
DA:350,2
DA:351,1
DA:352,1
DA:353,1
DA:354,1
DA:355,1
DA:356,0
DA:357,0
DA:358,0
DA:359,0
DA:360,0
DA:361,0
DA:362,0
DA:363,0
DA:364,0
DA:365,0
DA:366,0
DA:367,0
DA:368,0
DA:369,0
DA:370,0
DA:371,0
DA:372,0
DA:373,0
DA:374,0
DA:375,0
DA:376,0
DA:377,0
DA:378,0
DA:379,0
DA:380,0
DA:381,0
DA:382,0
DA:383,0
DA:384,0
DA:385,0
DA:386,0
DA:387,0
DA:388,0
DA:389,0
DA:390,0
DA:391,0
DA:392,0
DA:393,1
DA:394,0
DA:395,0
DA:396,0
DA:397,0
DA:398,0
DA:399,0
DA:400,0
DA:401,0
DA:402,0
DA:403,0
DA:404,0
DA:405,0
DA:406,1
DA:407,0
DA:408,0
DA:409,0
DA:410,0
DA:411,0
DA:412,0
DA:413,0
DA:414,0
DA:415,0
DA:416,0
DA:417,0
DA:418,0
LF:418
LH:187
BRDA:17,0,0,2
BRDA:27,1,0,0
BRDA:20,2,0,0
BRDA:35,3,0,0
BRDA:42,4,0,3
BRDA:45,5,0,0
BRDA:45,6,0,0
BRDA:67,7,0,4
BRDA:70,8,0,0
BRDA:72,9,0,0
BRDA:79,10,0,0
BRDA:82,11,0,1
BRDA:93,12,0,0
BRDA:82,13,0,3
BRDA:107,14,0,1
BRDA:165,15,0,3
BRDA:170,16,0,0
BRDA:194,17,0,0
BRDA:200,18,0,1
BRDA:202,19,0,0
BRDA:202,20,0,0
BRDA:228,21,0,5
BRDA:240,22,0,0
BRDA:245,23,0,3
BRDA:244,24,0,2
BRDA:249,25,0,1
BRDA:252,26,0,0
BRDA:273,27,0,1
BRDA:279,28,0,1
BRDA:289,29,0,0
BRDA:309,30,0,0
BRDA:321,31,0,2
BRDA:330,32,0,0
BRF:33
BRH:15
end_of_record
TN:
SF:src\middleware\auth.js
FN:11,Object.<anonymous>.module.exports
FNF:1
FNH:1
FNDA:54,Object.<anonymous>.module.exports
DA:1,1
DA:2,1
DA:3,1
DA:4,1
DA:5,1
DA:6,1
DA:7,1
DA:8,1
DA:9,1
DA:10,1
DA:11,1
DA:12,54
DA:13,54
DA:14,54
DA:15,6
DA:16,6
DA:17,6
DA:18,6
DA:19,6
DA:20,6
DA:21,6
DA:22,6
DA:23,6
DA:24,6
DA:25,6
DA:26,6
DA:27,6
DA:28,6
DA:29,6
DA:30,6
DA:31,6
DA:32,6
DA:33,6
DA:34,6
DA:35,6
DA:36,6
DA:37,6
DA:38,0
DA:39,0
DA:40,0
DA:41,0
DA:42,0
DA:43,0
DA:44,0
DA:45,0
DA:46,0
DA:47,0
DA:48,6
DA:49,6
DA:50,6
DA:51,6
DA:52,54
LF:52
LH:42
BRDA:11,0,0,54
BRDA:14,1,0,48
BRDA:19,2,0,0
BRDA:14,3,0,6
BRDA:37,4,0,0
BRF:5
BRH:3
end_of_record
TN:
SF:src\middleware\upload.js
FN:4,destination
FN:7,filename
FN:16,fileFilter
FNF:3
FNH:0
FNDA:0,destination
FNDA:0,filename
FNDA:0,fileFilter
DA:1,1
DA:2,1
DA:3,1
DA:4,1
DA:5,0
DA:6,0
DA:7,1
DA:8,0
DA:9,0
DA:10,0
DA:11,1
DA:12,1
DA:13,1
DA:14,1
DA:15,1
DA:16,1
DA:17,0
DA:18,0
DA:19,0
DA:20,0
DA:21,0
DA:22,0
DA:23,0
DA:24,0
DA:25,0
DA:26,0
DA:27,0
DA:28,0
DA:29,0
DA:30,1
DA:31,1
DA:32,1
LF:32
LH:14
BRF:0
BRH:0
end_of_record
TN:
SF:src\routes\comments.js
FNF:0
FNH:0
DA:1,1
DA:2,1
DA:3,1
DA:4,1
DA:5,1
DA:6,1
DA:7,1
DA:8,1
DA:9,1
DA:10,1
DA:11,1
DA:12,1
LF:12
LH:12
BRF:0
BRH:0
end_of_record
TN:
SF:src\routes\index.js
FN:7,route
FNF:1
FNH:1
FNDA:5,route
DA:1,1
DA:2,1
DA:3,1
DA:4,1
DA:5,1
DA:6,1
DA:7,5
DA:8,5
DA:9,5
DA:10,5
DA:11,5
DA:12,5
DA:13,5
DA:14,1
DA:15,1
LF:15
LH:15
BRDA:7,0,0,5
BRF:1
BRH:1
end_of_record
TN:
SF:src\routes\messages.js
FNF:0
FNH:0
DA:1,1
DA:2,1
DA:3,1
DA:4,1
DA:5,1
DA:6,1
DA:7,1
DA:8,1
DA:9,1
DA:10,1
DA:11,1
DA:12,1
DA:13,1
LF:13
LH:13
BRF:0
BRH:0
end_of_record
TN:
SF:src\routes\posts.js
FNF:0
FNH:0
DA:1,1
DA:2,1
DA:3,1
DA:4,1
DA:5,1
DA:6,1
DA:7,1
DA:8,1
DA:9,1
DA:10,1
DA:11,1
DA:12,1
DA:13,1
DA:14,1
DA:15,1
DA:16,1
DA:17,1
LF:17
LH:17
BRF:0
BRH:0
end_of_record
TN:
SF:src\routes\reviews.js
FNF:0
FNH:0
DA:1,1
DA:2,1
DA:3,1
DA:4,1
DA:5,1
DA:6,1
DA:7,1
DA:8,1
DA:9,1
DA:10,1
DA:11,1
DA:12,1
LF:12
LH:12
BRF:0
BRH:0
end_of_record
TN:
SF:src\routes\users.js
FNF:0
FNH:0
DA:1,1
DA:2,1
DA:3,1
DA:4,1
DA:5,1
DA:6,1
DA:7,1
DA:8,1
DA:9,1
DA:10,1
DA:11,1
DA:12,1
DA:13,1
DA:14,1
DA:15,1
DA:16,1
DA:17,1
LF:17
LH:17
BRF:0
BRH:0
end_of_record
TN:
SF:src\utils\utils.js
FN:4,verifyJwtToken
FNF:1
FNH:1
FNDA:49,verifyJwtToken
DA:1,1
DA:2,1
DA:3,1
DA:4,1
DA:5,49
DA:6,49
DA:7,49
DA:8,0
DA:9,0
DA:10,49
DA:11,49
DA:12,49
DA:13,49
DA:14,1
LF:14
LH:12
BRDA:4,0,0,49
BRDA:5,1,0,49
BRDA:6,2,0,49
BRDA:7,3,0,0
BRF:4
BRH:3
end_of_record
